<?xml version="1.0" encoding="UTF-8"?>
<testsuite xmlns:xsi="http://www.w3.org/2001/XMLSchema-instance" xsi:noNamespaceSchemaLocation="https://maven.apache.org/surefire/maven-surefire-plugin/xsd/surefire-test-report.xsd" name="com.icon.sct.tests.SP00151_Test" time="105.456" tests="5" errors="0" skipped="3" failures="1">
  <properties>
    <property name="java.specification.version" value="23"/>
    <property name="sun.cpu.isalist" value="amd64"/>
    <property name="sun.jnu.encoding" value="Cp1252"/>
    <property name="java.class.path" value="C:\Users\VoTha\Desktop\Playwright\SCT-Playwright\target\test-classes;C:\Users\VoTha\Desktop\Playwright\SCT-Playwright\target\classes;C:\Users\VoTha\.m2\repository\io\qameta\allure\allure-java-commons\2.24.0\allure-java-commons-2.24.0.jar;C:\Users\VoTha\.m2\repository\io\qameta\allure\allure-model\2.24.0\allure-model-2.24.0.jar;C:\Users\VoTha\.m2\repository\com\microsoft\playwright\playwright\1.31.0\playwright-1.31.0.jar;C:\Users\VoTha\.m2\repository\com\google\code\gson\gson\2.8.9\gson-2.8.9.jar;C:\Users\VoTha\.m2\repository\org\opentest4j\opentest4j\1.2.0\opentest4j-1.2.0.jar;C:\Users\VoTha\.m2\repository\com\microsoft\playwright\driver\1.31.0\driver-1.31.0.jar;C:\Users\VoTha\.m2\repository\com\microsoft\playwright\driver-bundle\1.31.0\driver-bundle-1.31.0.jar;C:\Users\VoTha\.m2\repository\org\apache\poi\poi\5.3.0\poi-5.3.0.jar;C:\Users\VoTha\.m2\repository\commons-codec\commons-codec\1.17.0\commons-codec-1.17.0.jar;C:\Users\VoTha\.m2\repository\org\apache\commons\commons-collections4\4.4\commons-collections4-4.4.jar;C:\Users\VoTha\.m2\repository\org\apache\commons\commons-math3\3.6.1\commons-math3-3.6.1.jar;C:\Users\VoTha\.m2\repository\commons-io\commons-io\2.16.1\commons-io-2.16.1.jar;C:\Users\VoTha\.m2\repository\com\zaxxer\SparseBitSet\1.3\SparseBitSet-1.3.jar;C:\Users\VoTha\.m2\repository\org\apache\logging\log4j\log4j-api\2.23.1\log4j-api-2.23.1.jar;C:\Users\VoTha\.m2\repository\org\apache\poi\poi-ooxml\5.3.0\poi-ooxml-5.3.0.jar;C:\Users\VoTha\.m2\repository\org\apache\poi\poi-ooxml-lite\5.3.0\poi-ooxml-lite-5.3.0.jar;C:\Users\VoTha\.m2\repository\org\apache\xmlbeans\xmlbeans\5.2.1\xmlbeans-5.2.1.jar;C:\Users\VoTha\.m2\repository\org\apache\commons\commons-compress\1.26.2\commons-compress-1.26.2.jar;C:\Users\VoTha\.m2\repository\org\apache\commons\commons-lang3\3.14.0\commons-lang3-3.14.0.jar;C:\Users\VoTha\.m2\repository\com\github\virtuald\curvesapi\1.08\curvesapi-1.08.jar;C:\Users\VoTha\.m2\repository\org\testng\testng\7.8.0\testng-7.8.0.jar;C:\Users\VoTha\.m2\repository\com\beust\jcommander\1.82\jcommander-1.82.jar;C:\Users\VoTha\.m2\repository\org\webjars\jquery\3.6.1\jquery-3.6.1.jar;C:\Users\VoTha\.m2\repository\io\qameta\allure\allure-testng\2.24.0\allure-testng-2.24.0.jar;C:\Users\VoTha\.m2\repository\io\qameta\allure\allure-test-filter\2.24.0\allure-test-filter-2.24.0.jar;C:\Users\VoTha\.m2\repository\org\slf4j\slf4j-api\2.0.16\slf4j-api-2.0.16.jar;C:\Users\VoTha\.m2\repository\org\slf4j\slf4j-simple\2.0.16\slf4j-simple-2.0.16.jar;C:\Users\VoTha\.m2\repository\org\projectlombok\lombok\1.18.30\lombok-1.18.30.jar;C:\Users\VoTha\.m2\repository\com\fasterxml\jackson\core\jackson-databind\2.15.0\jackson-databind-2.15.0.jar;C:\Users\VoTha\.m2\repository\com\fasterxml\jackson\core\jackson-annotations\2.15.0\jackson-annotations-2.15.0.jar;C:\Users\VoTha\.m2\repository\com\fasterxml\jackson\core\jackson-core\2.15.0\jackson-core-2.15.0.jar;C:\Users\VoTha\.m2\repository\com\oracle\database\jdbc\ojdbc11\23.7.0.25.01\ojdbc11-23.7.0.25.01.jar;"/>
    <property name="java.vm.vendor" value="Azul Systems, Inc."/>
    <property name="sun.arch.data.model" value="64"/>
    <property name="user.variant" value=""/>
    <property name="java.vendor.url" value="http://www.azul.com/"/>
    <property name="user.timezone" value="Asia/Bangkok"/>
    <property name="os.name" value="Windows 10"/>
    <property name="java.vm.specification.version" value="23"/>
    <property name="sun.java.launcher" value="SUN_STANDARD"/>
    <property name="user.country" value="GB"/>
    <property name="sun.boot.library.path" value="C:\Program Files\Zulu\zulu-23\bin"/>
    <property name="sun.java.command" value="C:\Users\VoTha\AppData\Local\Temp\surefire11753602077986206601\surefirebooter12652815159556156373.jar C:\Users\VoTha\AppData\Local\Temp\surefire11753602077986206601 2025-09-17T19-44-52_371-jvmRun1 surefire2660452621590095909tmp surefire_05996664155959032025tmp"/>
    <property name="jdk.debug" value="release"/>
    <property name="test" value="SP00151_Test"/>
    <property name="surefire.test.class.path" value="C:\Users\VoTha\Desktop\Playwright\SCT-Playwright\target\test-classes;C:\Users\VoTha\Desktop\Playwright\SCT-Playwright\target\classes;C:\Users\VoTha\.m2\repository\io\qameta\allure\allure-java-commons\2.24.0\allure-java-commons-2.24.0.jar;C:\Users\VoTha\.m2\repository\io\qameta\allure\allure-model\2.24.0\allure-model-2.24.0.jar;C:\Users\VoTha\.m2\repository\com\microsoft\playwright\playwright\1.31.0\playwright-1.31.0.jar;C:\Users\VoTha\.m2\repository\com\google\code\gson\gson\2.8.9\gson-2.8.9.jar;C:\Users\VoTha\.m2\repository\org\opentest4j\opentest4j\1.2.0\opentest4j-1.2.0.jar;C:\Users\VoTha\.m2\repository\com\microsoft\playwright\driver\1.31.0\driver-1.31.0.jar;C:\Users\VoTha\.m2\repository\com\microsoft\playwright\driver-bundle\1.31.0\driver-bundle-1.31.0.jar;C:\Users\VoTha\.m2\repository\org\apache\poi\poi\5.3.0\poi-5.3.0.jar;C:\Users\VoTha\.m2\repository\commons-codec\commons-codec\1.17.0\commons-codec-1.17.0.jar;C:\Users\VoTha\.m2\repository\org\apache\commons\commons-collections4\4.4\commons-collections4-4.4.jar;C:\Users\VoTha\.m2\repository\org\apache\commons\commons-math3\3.6.1\commons-math3-3.6.1.jar;C:\Users\VoTha\.m2\repository\commons-io\commons-io\2.16.1\commons-io-2.16.1.jar;C:\Users\VoTha\.m2\repository\com\zaxxer\SparseBitSet\1.3\SparseBitSet-1.3.jar;C:\Users\VoTha\.m2\repository\org\apache\logging\log4j\log4j-api\2.23.1\log4j-api-2.23.1.jar;C:\Users\VoTha\.m2\repository\org\apache\poi\poi-ooxml\5.3.0\poi-ooxml-5.3.0.jar;C:\Users\VoTha\.m2\repository\org\apache\poi\poi-ooxml-lite\5.3.0\poi-ooxml-lite-5.3.0.jar;C:\Users\VoTha\.m2\repository\org\apache\xmlbeans\xmlbeans\5.2.1\xmlbeans-5.2.1.jar;C:\Users\VoTha\.m2\repository\org\apache\commons\commons-compress\1.26.2\commons-compress-1.26.2.jar;C:\Users\VoTha\.m2\repository\org\apache\commons\commons-lang3\3.14.0\commons-lang3-3.14.0.jar;C:\Users\VoTha\.m2\repository\com\github\virtuald\curvesapi\1.08\curvesapi-1.08.jar;C:\Users\VoTha\.m2\repository\org\testng\testng\7.8.0\testng-7.8.0.jar;C:\Users\VoTha\.m2\repository\com\beust\jcommander\1.82\jcommander-1.82.jar;C:\Users\VoTha\.m2\repository\org\webjars\jquery\3.6.1\jquery-3.6.1.jar;C:\Users\VoTha\.m2\repository\io\qameta\allure\allure-testng\2.24.0\allure-testng-2.24.0.jar;C:\Users\VoTha\.m2\repository\io\qameta\allure\allure-test-filter\2.24.0\allure-test-filter-2.24.0.jar;C:\Users\VoTha\.m2\repository\org\slf4j\slf4j-api\2.0.16\slf4j-api-2.0.16.jar;C:\Users\VoTha\.m2\repository\org\slf4j\slf4j-simple\2.0.16\slf4j-simple-2.0.16.jar;C:\Users\VoTha\.m2\repository\org\projectlombok\lombok\1.18.30\lombok-1.18.30.jar;C:\Users\VoTha\.m2\repository\com\fasterxml\jackson\core\jackson-databind\2.15.0\jackson-databind-2.15.0.jar;C:\Users\VoTha\.m2\repository\com\fasterxml\jackson\core\jackson-annotations\2.15.0\jackson-annotations-2.15.0.jar;C:\Users\VoTha\.m2\repository\com\fasterxml\jackson\core\jackson-core\2.15.0\jackson-core-2.15.0.jar;C:\Users\VoTha\.m2\repository\com\oracle\database\jdbc\ojdbc11\23.7.0.25.01\ojdbc11-23.7.0.25.01.jar;"/>
    <property name="allure.results.directory" value="C:\Users\VoTha\Desktop\Playwright\SCT-Playwright\target/allure-results"/>
    <property name="sun.cpu.endian" value="little"/>
    <property name="user.home" value="C:\Users\VoTha"/>
    <property name="user.language" value="en"/>
    <property name="java.specification.vendor" value="Oracle Corporation"/>
    <property name="java.version.date" value="2025-01-21"/>
    <property name="java.home" value="C:\Program Files\Zulu\zulu-23"/>
    <property name="file.separator" value="\"/>
    <property name="basedir" value="C:\Users\VoTha\Desktop\Playwright\SCT-Playwright"/>
    <property name="java.vm.compressedOopsMode" value="32-bit"/>
    <property name="line.separator" value="&#10;"/>
    <property name="java.vm.specification.vendor" value="Oracle Corporation"/>
    <property name="java.specification.name" value="Java Platform API Specification"/>
    <property name="surefire.real.class.path" value="C:\Users\VoTha\AppData\Local\Temp\surefire11753602077986206601\surefirebooter12652815159556156373.jar"/>
    <property name="user.script" value=""/>
    <property name="sun.management.compiler" value="HotSpot 64-Bit Tiered Compilers"/>
    <property name="java.runtime.version" value="23.0.2+7"/>
    <property name="user.name" value="VoTha"/>
    <property name="stdout.encoding" value="Cp1252"/>
    <property name="path.separator" value=";"/>
    <property name="os.version" value="10.0"/>
    <property name="java.runtime.name" value="OpenJDK Runtime Environment"/>
    <property name="file.encoding" value="UTF-8"/>
    <property name="java.vm.name" value="OpenJDK 64-Bit Server VM"/>
    <property name="java.vendor.version" value="Zulu23.32+11-CA"/>
    <property name="localRepository" value="C:\Users\VoTha\.m2\repository"/>
    <property name="java.vendor.url.bug" value="http://www.azul.com/support/"/>
    <property name="java.io.tmpdir" value="C:\Users\VoTha\AppData\Local\Temp\"/>
    <property name="java.version" value="23.0.2"/>
    <property name="user.dir" value="C:\Users\VoTha\Desktop\Playwright\SCT-Playwright"/>
    <property name="os.arch" value="amd64"/>
    <property name="java.vm.specification.name" value="Java Virtual Machine Specification"/>
    <property name="sun.os.patch.level" value=""/>
    <property name="native.encoding" value="Cp1252"/>
    <property name="java.library.path" value="C:\Program Files\Zulu\zulu-23\bin;C:\WINDOWS\Sun\Java\bin;C:\WINDOWS\system32;C:\WINDOWS;C:\Program Files\Zulu\zulu-23\bin\;C:\Program Files\Python37\Scripts\;C:\Program Files\Python37\;C:\Program Files (x86)\Common Files\Oracle\Java\javapath;C:\WINDOWS\system32;C:\WINDOWS;C:\WINDOWS\System32\Wbem;C:\WINDOWS\System32\WindowsPowerShell\v1.0\;C:\WINDOWS\System32\OpenSSH\;C:\Program Files (x86)\Box\Box Edit\;C:\Program Files\Citrix\System32\;C:\Program Files\Citrix\ICAService\;C:\Program Files\Citrix\Virtual Desktop Agent\;C:\Program Files\TortoiseSVN\bin;C:\Program Files (x86)\Microsoft SQL Server\150\DTS\Binn\;C:\Program Files\Azure Data Studio\bin;C:\Program Files\PuTTY\;C:\Program Files\Microsoft VS Code\bin;C:\Program Files\Git\cmd;C:\Users\VoTha\AppData\Local\Microsoft\WindowsApps;C:\Users\VoTha\apache-maven-3.9.9-bin\apache-maven-3.9.9\bin;C:\Program Files\Zulu\zulu-23\bin;?C:\Users\VoTha\allure-2.32.0\bin;;."/>
    <property name="java.vm.info" value="mixed mode, sharing"/>
    <property name="stderr.encoding" value="Cp1252"/>
    <property name="java.vendor" value="Azul Systems, Inc."/>
    <property name="java.vm.version" value="23.0.2+7"/>
    <property name="sun.io.unicode.encoding" value="UnicodeLittle"/>
    <property name="java.class.version" value="67.0"/>
  </properties>
  <testcase name="addFirstProjectProtocol" classname="com.icon.sct.tests.SP00151_Test" time="20.503"/>
  <testcase name="testSetup" classname="com.icon.sct.tests.SP00151_Test" time="56.659">
    <failure message="Set text on Locator &apos;LoginLocators/LoginInput&apos; - [//input[@type=&apos;email&apos;]] failed. Details: com.microsoft.playwright.TimeoutError: Error {&#10;  message=&apos;Timeout 30000ms exceeded.&#10;=========================== logs ===========================&#10;waiting for locator(&quot;xpath=//input[@type=&apos;email&apos;]&quot;)&#10;============================================================&#10;  name=&apos;TimeoutError&#10;  stack=&apos;TimeoutError: Timeout 30000ms exceeded.&#10;=========================== logs ===========================&#10;waiting for locator(&quot;xpath=//input[@type=&apos;email&apos;]&quot;)&#10;============================================================&#10;    at ProgressController.run (C:\Users\VoTha\AppData\Local\Temp\playwright-java-403703909782209034\package\lib\server\progress.js:88:26)&#10;    at Frame.fill (C:\Users\VoTha\AppData\Local\Temp\playwright-java-403703909782209034\package\lib\server\frames.js:1055:23)&#10;    at FrameDispatcher.fill (C:\Users\VoTha\AppData\Local\Temp\playwright-java-403703909782209034\package\lib\server\dispatchers\frameDispatcher.js:161:30)&#10;    at DispatcherConnection.dispatch (C:\Users\VoTha\AppData\Local\Temp\playwright-java-403703909782209034\package\lib\server\dispatchers\dispatcher.js:319:46)&#10;}" type="java.lang.AssertionError">java.lang.AssertionError: 
Set text on Locator 'LoginLocators/LoginInput' - [//input[@type='email']] failed. Details: com.microsoft.playwright.TimeoutError: Error {
  message='Timeout 30000ms exceeded.
=========================== logs ===========================
waiting for locator("xpath=//input[@type='email']")
============================================================
  name='TimeoutError
  stack='TimeoutError: Timeout 30000ms exceeded.
=========================== logs ===========================
waiting for locator("xpath=//input[@type='email']")
============================================================
    at ProgressController.run (C:\Users\VoTha\AppData\Local\Temp\playwright-java-403703909782209034\package\lib\server\progress.js:88:26)
    at Frame.fill (C:\Users\VoTha\AppData\Local\Temp\playwright-java-403703909782209034\package\lib\server\frames.js:1055:23)
    at FrameDispatcher.fill (C:\Users\VoTha\AppData\Local\Temp\playwright-java-403703909782209034\package\lib\server\dispatchers\frameDispatcher.js:161:30)
    at DispatcherConnection.dispatch (C:\Users\VoTha\AppData\Local\Temp\playwright-java-403703909782209034\package\lib\server\dispatchers\dispatcher.js:319:46)
}
</failure>
    <system-err><![CDATA[[main] INFO com.icon.sct.utils.Loggers - [19:45:42 PASSED] - Locator 'CommonLocators/userNavigation' is clicked on
[main] INFO com.icon.sct.utils.Loggers - [19:45:42 PASSED] - Locator 'CommonLocators/logOff' is clicked on
[main] INFO com.icon.sct.utils.Loggers - [19:45:43 PASSED] - Locator 'CommonLocators/reLogin' is visible after '0.3' seconds
[main] INFO com.icon.sct.utils.Loggers - [19:45:43 PASSED] - Logout of the SCT Application web page successfully
[main] INFO com.icon.sct.utils.Loggers - [19:45:43 INFO] - A Windows Screenshot was taken - [SCT_x.x.x.x-1_addFirstProjectProtocol_SS08.png]
[main] INFO com.icon.sct.utils.Loggers - [19:45:43 INFO] - Clean and prepare results directories successfully [results\SP00151_Test\screenshots\addSecondProjectProtocol, results\SP00151_Test\records, results\SP00151_Test\traces\addSecondProjectProtocol]
[main] INFO com.icon.sct.utils.Loggers - [19:45:46 PASSED] - Navigated to URL 'https://sctdrun.iconcr.com/'
[main] INFO com.icon.sct.utils.Loggers - [19:45:48 INFO] - Page is loaded after '2.2' second(s)
[main] INFO com.icon.sct.utils.Loggers - [19:45:48 INFO] - Page is loaded after '0.0' second(s)
[main] ERROR com.icon.sct.utils.Loggers - [19:46:18 FAILED] - Set text on Locator 'LoginLocators/LoginInput' - [//input[@type='email']] failed. Details: com.microsoft.playwright.TimeoutError: Error {
  message='Timeout 30000ms exceeded.
=========================== logs ===========================
waiting for locator("xpath=//input[@type='email']")
============================================================
  name='TimeoutError
  stack='TimeoutError: Timeout 30000ms exceeded.
=========================== logs ===========================
waiting for locator("xpath=//input[@type='email']")
============================================================
    at ProgressController.run (C:\Users\VoTha\AppData\Local\Temp\playwright-java-403703909782209034\package\lib\server\progress.js:88:26)
    at Frame.fill (C:\Users\VoTha\AppData\Local\Temp\playwright-java-403703909782209034\package\lib\server\frames.js:1055:23)
    at FrameDispatcher.fill (C:\Users\VoTha\AppData\Local\Temp\playwright-java-403703909782209034\package\lib\server\dispatchers\frameDispatcher.js:161:30)
    at DispatcherConnection.dispatch (C:\Users\VoTha\AppData\Local\Temp\playwright-java-403703909782209034\package\lib\server\dispatchers\dispatcher.js:319:46)
}
[main] INFO com.icon.sct.utils.Loggers - [19:46:18 INFO] - A Windows Screenshot was taken - [SCT_x.x.x.x-2_addSecondProjectProtocol_SS01.png]
]]></system-err>
  </testcase>
  <testcase name="addSecondProjectProtocol" classname="com.icon.sct.tests.SP00151_Test" time="0">
    <skipped message="Set text on Locator &apos;LoginLocators/LoginInput&apos; - [//input[@type=&apos;email&apos;]] failed. Details: com.microsoft.playwright.TimeoutError: Error {&#10;  message=&apos;Timeout 30000ms exceeded.&#10;=========================== logs ===========================&#10;waiting for locator(&quot;xpath=//input[@type=&apos;email&apos;]&quot;)&#10;============================================================&#10;  name=&apos;TimeoutError&#10;  stack=&apos;TimeoutError: Timeout 30000ms exceeded.&#10;=========================== logs ===========================&#10;waiting for locator(&quot;xpath=//input[@type=&apos;email&apos;]&quot;)&#10;============================================================&#10;    at ProgressController.run (C:\Users\VoTha\AppData\Local\Temp\playwright-java-403703909782209034\package\lib\server\progress.js:88:26)&#10;    at Frame.fill (C:\Users\VoTha\AppData\Local\Temp\playwright-java-403703909782209034\package\lib\server\frames.js:1055:23)&#10;    at FrameDispatcher.fill (C:\Users\VoTha\AppData\Local\Temp\playwright-java-403703909782209034\package\lib\server\dispatchers\frameDispatcher.js:161:30)&#10;    at DispatcherConnection.dispatch (C:\Users\VoTha\AppData\Local\Temp\playwright-java-403703909782209034\package\lib\server\dispatchers\dispatcher.js:319:46)&#10;}"/>
  </testcase>
  <testcase name="testTeardown" classname="com.icon.sct.tests.SP00151_Test" time="0">
    <skipped/>
  </testcase>
  <testcase name="closeBrowserAndStopAllRecords" classname="com.icon.sct.tests.SP00151_Test" time="0">
    <skipped/>
  </testcase>
</testsuite>