<?xml version="1.0" encoding="UTF-8"?>
<!-- Generated by org.testng.reporters.JUnitReportReporter -->
<testsuite hostname="EU-XDMDP10-0389" failures="0" tests="1" name="com.icon.sct.tests.SimpleTest" time="44.366" errors="0" timestamp="2025-09-17T21:44:25 GMT+07:00" skipped="0">
  <testcase classname="com.icon.sct.tests.SimpleTest" name="simpleTest" time="44.366"/>
</testsuite> <!-- com.icon.sct.tests.SimpleTest -->
